<?xml version="1.0" encoding="UTF-8"?>
<!-- Generated by org.testng.reporters.JUnitXMLReporter -->
<testsuite ignored="0" hostname="DESKTOP-NO67EK8" failures="0" tests="5" name="CarLoan" time="0.025" errors="0" timestamp="27 Feb 2024 21:05:48 GMT">
  <testcase classname="Test.CarLoanLoginTest" name="APILogin" time="0.001"/>
  <testcase classname="Test.CarLoanLoginTest" name="MobileLogin" time="0.001"/>
  <testcase classname="Test.CarLoanLoginTest" name="WebLogin" time="0.002"/>
  <testcase classname="Test.CarLoanLoginTest" name="WebLogin" time="0.001"/>
  <testcase classname="Test.CarLoanLoginTest" name="WebLogin" time="0.002"/>
</testsuite> <!-- CarLoan -->
