<?xml version="1.0" encoding="UTF-8"?>
<!-- Generated by org.testng.reporters.JUnitXMLReporter -->
<testsuite ignored="0" hostname="DESKTOP-NO67EK8" failures="0" tests="7" name="PersonalLoan" time="0.053" errors="0" timestamp="27 Feb 2024 21:08:34 GMT">
  <testcase classname="Test.PersonalLoanLoginTest" name="APILogin" time="0.005"/>
  <testcase classname="Test.PersonalLoanLoginTest" name="MobileLogin" time="0.001"/>
  <testcase classname="Test.PersonalLoanLoginTest" name="WebLogin" time="0.002"/>
  <testcase classname="Test.PersonalLoanLoginTest" name="MobileLogout" time="0.001"/>
  <testcase classname="Test.PersonalLoanNewUserTest" name="MobileCreateNewUser" time="0.002"/>
  <testcase classname="Test.PersonalLoanNewUserTest" name="MobileDeleteUser" time="0.001"/>
  <testcase classname="Test.PersonalLoanNewUserTest" name="WebCreateNewUser" time="0.002"/>
</testsuite> <!-- PersonalLoan -->
