<?xml version="1.0" encoding="UTF-8"?>
<!-- Generated by org.testng.reporters.JUnitXMLReporter -->
<testsuite ignored="9" hostname="DESKTOP-NO67EK8" failures="0" tests="4" name="Regression" time="0.058" errors="0" timestamp="27 Feb 2024 18:12:32 GMT">
  <testcase classname="Test.CarLoanLoginTest" name="MobileLogin" time="0.016"/>
  <testcase classname="Test.HomeLoanLoginTest" name="MobileLogin" time="0.002"/>
  <testcase classname="Test.PersonalLoanLoginTest" name="MobileLogin" time="0.003"/>
  <testcase classname="Test.PersonalLoanNewUserTest" name="MobileCreateNewUser" time="0.006"/>
  <testcase classname="Test.HomeLoanLoginTest" name="APILogin" time="0.0">
    <ignored/>
  </testcase> <!-- APILogin -->
  <testcase classname="Test.PersonalLoanLoginTest" name="WebLogin" time="0.0">
    <ignored/>
  </testcase> <!-- WebLogin -->
  <testcase classname="Test.PersonalLoanLoginTest" name="APILogin" time="0.0">
    <ignored/>
  </testcase> <!-- APILogin -->
  <testcase classname="Test.PersonalLoanNewUserTest" name="MobileDeleteUser" time="0.0">
    <ignored/>
  </testcase> <!-- MobileDeleteUser -->
  <testcase classname="Test.PersonalLoanLoginTest" name="MobileLogout" time="0.0">
    <ignored/>
  </testcase> <!-- MobileLogout -->
  <testcase classname="Test.PersonalLoanNewUserTest" name="WebCreateNewUser" time="0.0">
    <ignored/>
  </testcase> <!-- WebCreateNewUser -->
  <testcase classname="Test.HomeLoanLoginTest" name="WebLogin" time="0.0">
    <ignored/>
  </testcase> <!-- WebLogin -->
  <testcase classname="Test.CarLoanLoginTest" name="WebLogin" time="0.0">
    <ignored/>
  </testcase> <!-- WebLogin -->
  <testcase classname="Test.CarLoanLoginTest" name="APILogin" time="0.0">
    <ignored/>
  </testcase> <!-- APILogin -->
</testsuite> <!-- Regression -->
